TN:
SF:controllers/tranasactionController.js
FN:5,(anonymous_0)
FN:16,(anonymous_1)
FNF:2
FNH:2
FNDA:2,(anonymous_0)
FNDA:2,(anonymous_1)
DA:1,1
DA:2,1
DA:3,1
DA:5,1
DA:6,2
DA:7,2
DA:8,2
DA:9,1
DA:11,1
DA:16,1
DA:17,2
DA:18,2
DA:19,2
DA:21,2
DA:23,2
DA:24,1
DA:27,2
DA:28,1
DA:30,2
DA:31,2
DA:36,1
DA:37,1
DA:38,1
DA:39,1
DA:40,1
DA:42,1
LF:26
LH:26
BRDA:18,0,0,1
BRDA:18,1,0,1
BRDA:23,2,0,1
BRDA:23,2,1,1
BRDA:23,3,0,2
BRDA:23,3,1,1
BRDA:27,4,0,1
BRDA:27,4,1,1
BRDA:27,5,0,2
BRDA:27,5,1,1
BRF:10
BRH:10
end_of_record
TN:
SF:models/transaction.js
FN:6,(anonymous_0)
FNF:1
FNH:1
FNDA:2,(anonymous_0)
DA:1,1
DA:3,1
DA:6,2
DA:10,1
DA:12,1
LF:5
LH:5
BRF:0
BRH:0
end_of_record
